\BOOKMARK [0][-]{chapter.1}{\376\377\000M\000C\000P\0002\0003\000S\0001\0007}{}% 1
\BOOKMARK [0][-]{chapter.2}{\376\377\000C\000l\000a\000s\000s\000\040\000I\000n\000d\000e\000x}{}% 2
\BOOKMARK [1][-]{section.2.1}{\376\377\000C\000l\000a\000s\000s\000\040\000L\000i\000s\000t}{chapter.2}% 3
\BOOKMARK [0][-]{chapter.3}{\376\377\000C\000l\000a\000s\000s\000\040\000D\000o\000c\000u\000m\000e\000n\000t\000a\000t\000i\000o\000n}{}% 4
\BOOKMARK [1][-]{section.3.1}{\376\377\000M\000C\000P\0002\0003\000S\0001\0007\000\040\000C\000l\000a\000s\000s\000\040\000R\000e\000f\000e\000r\000e\000n\000c\000e}{chapter.3}% 5
\BOOKMARK [2][-]{subsection.3.1.1}{\376\377\000C\000o\000n\000s\000t\000r\000u\000c\000t\000o\000r\000\040\000\046\000\040\000D\000e\000s\000t\000r\000u\000c\000t\000o\000r\000\040\000D\000o\000c\000u\000m\000e\000n\000t\000a\000t\000i\000o\000n}{section.3.1}% 6
\BOOKMARK [3][-]{subsubsection.3.1.1.1}{\376\377\000M\000C\000P\0002\0003\000S\0001\0007}{subsection.3.1.1}% 7
\BOOKMARK [2][-]{subsection.3.1.2}{\376\377\000M\000e\000m\000b\000e\000r\000\040\000F\000u\000n\000c\000t\000i\000o\000n\000\040\000D\000o\000c\000u\000m\000e\000n\000t\000a\000t\000i\000o\000n}{section.3.1}% 8
\BOOKMARK [3][-]{subsubsection.3.1.2.1}{\376\377\000b\000e\000g\000i\000n}{subsection.3.1.2}% 9
\BOOKMARK [3][-]{subsubsection.3.1.2.2}{\376\377\000d\000i\000g\000i\000t\000a\000l\000R\000e\000a\000d}{subsection.3.1.2}% 10
\BOOKMARK [3][-]{subsubsection.3.1.2.3}{\376\377\000d\000i\000g\000i\000t\000a\000l\000W\000r\000i\000t\000e}{subsection.3.1.2}% 11
\BOOKMARK [3][-]{subsubsection.3.1.2.4}{\376\377\000d\000i\000s\000a\000b\000l\000e\000I\000n\000t\000e\000r\000r\000u\000p\000t}{subsection.3.1.2}% 12
\BOOKMARK [3][-]{subsubsection.3.1.2.5}{\376\377\000e\000n\000a\000b\000l\000e\000I\000n\000t\000e\000r\000r\000u\000p\000t}{subsection.3.1.2}% 13
\BOOKMARK [3][-]{subsubsection.3.1.2.6}{\376\377\000g\000e\000t\000I\000n\000t\000e\000r\000r\000u\000p\000t\000P\000i\000n\000s}{subsection.3.1.2}% 14
\BOOKMARK [3][-]{subsubsection.3.1.2.7}{\376\377\000g\000e\000t\000I\000n\000t\000e\000r\000r\000u\000p\000t\000V\000a\000l\000u\000e}{subsection.3.1.2}% 15
\BOOKMARK [3][-]{subsubsection.3.1.2.8}{\376\377\000p\000i\000n\000M\000o\000d\000e}{subsection.3.1.2}% 16
\BOOKMARK [3][-]{subsubsection.3.1.2.9}{\376\377\000r\000e\000a\000d\000P\000o\000r\000t}{subsection.3.1.2}% 17
\BOOKMARK [3][-]{subsubsection.3.1.2.10}{\376\377\000r\000e\000a\000d\000P\000o\000r\000t}{subsection.3.1.2}% 18
\BOOKMARK [3][-]{subsubsection.3.1.2.11}{\376\377\000s\000e\000t\000I\000n\000t\000e\000r\000r\000u\000p\000t\000L\000e\000v\000e\000l}{subsection.3.1.2}% 19
\BOOKMARK [3][-]{subsubsection.3.1.2.12}{\376\377\000s\000e\000t\000I\000n\000t\000e\000r\000r\000u\000p\000t\000O\000D}{subsection.3.1.2}% 20
\BOOKMARK [3][-]{subsubsection.3.1.2.13}{\376\377\000s\000e\000t\000M\000i\000r\000r\000o\000r}{subsection.3.1.2}% 21
\BOOKMARK [3][-]{subsubsection.3.1.2.14}{\376\377\000w\000r\000i\000t\000e\000P\000o\000r\000t}{subsection.3.1.2}% 22
\BOOKMARK [3][-]{subsubsection.3.1.2.15}{\376\377\000w\000r\000i\000t\000e\000P\000o\000r\000t}{subsection.3.1.2}% 23
\BOOKMARK [-1][-]{section*.3}{\376\377\000I\000n\000d\000e\000x}{}% 24
